Units and locations in library 'D:\w\MCU_BuildTools\HC12\cw_hc12_Build_Tools_git_150907\CodeWarrior\lib\hc12c\lib\ansisf.lib'
Unit name         size     from       to
ALLOC.C.o         9113   453751   462864
ASSERT.C.o        3560      156     3716
CTYPE.C.o         9752     3716    13468
DADD.C.o          7495   466757   474252
DANSI.C.o         8167   474252   482419
DCMP.C.o          3333   482419   485752
DCONV.C.o         9827   485752   495579
DFCONV.C.o        6427   495579   502006
DMUL.C.o          6939   502006   508945
DREGS.C.o         8951   508945   517896
EMBEDDED.C.o     11064    13468    24532
FADD.C.o          7179   517896   525075
FANSI.C.o         8051   525075   533126
FCMP.C.o          3517   533126   536643
FCONV.C.o         7219   536643   543862
FMUL.C.o          7039   543862   550901
FREGS.C.o         7663   550901   558564
HEAP.C.o          3834    24532    28366
INOUT.C.o         7492    28366    35858
LOCALE.C.o        4357    35858    40215
MATH.C.o        213340    40215   253555
MATHF.C.o        88404   253555   341959
PRINTF.C.o       30100   341959   372059
SCANF.C.o        11036   372059   383095
SETJMP.C.o        3893   462864   466757
SIGNAL.C.o        4560   383095   387655
STDLIB.C.o       39364   387655   427019
STRING.C.o       20252   427019   447271
TERMINAL.C.o      6480   447271   453751
VREGS.C.o         4535   587825   592360
lansi.c.o         2714   558564   561278
rtshc12.c.o      26547   561278   587825

EXPORTED OBJECTS
D_ADDKL                    F   (DADD.C.o)
D_CLRK                     I   (DANSI.C.o)
D_CLRK                     I   (DMUL.C.o)
D_CLRK                     F   (DREGS.C.o)
D_CLRK_UNARY               F   (DCONV.C.o)
D_CLRL                     I   (DANSI.C.o)
D_CLRL                     F   (DREGS.C.o)
D_DIVKL                    F   (DMUL.C.o)
D_FREXP                    F   (DANSI.C.o)
D_FRFK                     F   (DFCONV.C.o)
D_FRLONGK                  F   (DCONV.C.o)
D_MAXK                     I   (DMUL.C.o)
D_MAXK                     F   (DREGS.C.o)
D_MAXK_UNARY               F   (DCONV.C.o)
D_MODF                     F   (DANSI.C.o)
D_MULKL                    F   (DMUL.C.o)
D_NORMK                    I   (DADD.C.o)
D_NORMK                    I   (DANSI.C.o)
D_NORMK                    I   (DMUL.C.o)
D_NORMK                    F   (DREGS.C.o)
D_NORMK_UNARY              F   (DCONV.C.o)
D_NORMK_UNARY              I   (DFCONV.C.o)
D_PSHK                     I   (DADD.C.o)
D_PSHK                     I   (DMUL.C.o)
D_PSHK                     F   (DREGS.C.o)
D_PSHK_UNARY               F   (DCONV.C.o)
D_PSHK_UNARY               I   (DFCONV.C.o)
D_PULK                     I   (DADD.C.o)
D_PULK                     I   (DANSI.C.o)
D_PULK                     I   (DMUL.C.o)
D_PULK                     F   (DREGS.C.o)
D_PULL                     I   (DADD.C.o)
D_PULL                     I   (DCONV.C.o)
D_PULL                     I   (DFCONV.C.o)
D_PULL                     I   (DMUL.C.o)
D_PULL                     F   (DREGS.C.o)
D_STAL                     I   (DANSI.C.o)
D_STAL                     F   (DREGS.C.o)
D_TKL                      I   (DANSI.C.o)
D_TKL                      F   (DREGS.C.o)
D_TLK                      F   (DREGS.C.o)
D_TOFK                     F   (DFCONV.C.o)
D_TOLONGK                  F   (DCONV.C.o)
D_XGKL                     I   (DADD.C.o)
D_XGKL                     F   (DREGS.C.o)
F_ADDKL                    F   (FADD.C.o)
F_CLRK                     I   (DFCONV.C.o)
F_CLRK                     I   (FANSI.C.o)
F_CLRK                     I   (FMUL.C.o)
F_CLRK                     F   (FREGS.C.o)
F_CLRL                     I   (FANSI.C.o)
F_CLRL                     F   (FREGS.C.o)
F_DIVKL                    F   (FMUL.C.o)
F_FREXP                    F   (FANSI.C.o)
F_FRLONGK                  F   (FCONV.C.o)
F_LDEXP                    F   (FANSI.C.o)
F_MAXK                     I   (DFCONV.C.o)
F_MAXK                     I   (FMUL.C.o)
F_MAXK                     F   (FREGS.C.o)
F_MODF                     F   (FANSI.C.o)
F_MULKL                    F   (FMUL.C.o)
F_NORMK                    I   (FADD.C.o)
F_NORMK                    I   (FANSI.C.o)
F_NORMK                    I   (FMUL.C.o)
F_NORMK                    F   (FREGS.C.o)
F_PSHK                     I   (DFCONV.C.o)
F_PSHK                     I   (FADD.C.o)
F_PSHK                     I   (FANSI.C.o)
F_PSHK                     I   (FCONV.C.o)
F_PSHK                     I   (FMUL.C.o)
F_PSHK                     F   (FREGS.C.o)
F_PULK                     I   (DFCONV.C.o)
F_PULK                     I   (FADD.C.o)
F_PULK                     I   (FCONV.C.o)
F_PULK                     I   (FMUL.C.o)
F_PULK                     F   (FREGS.C.o)
F_PULL                     I   (FADD.C.o)
F_PULL                     I   (FANSI.C.o)
F_PULL                     I   (FMUL.C.o)
F_PULL                     F   (FREGS.C.o)
F_STAL                     I   (FANSI.C.o)
F_STAL                     F   (FREGS.C.o)
F_TKL                      F   (FREGS.C.o)
F_TLK                      I   (FANSI.C.o)
F_TLK                      F   (FREGS.C.o)
F_TOLONGK                  F   (FCONV.C.o)
F_XGKL                     I   (FADD.C.o)
F_XGKL                     F   (FREGS.C.o)
INOUT_ReadInt              F   (INOUT.C.o)
INOUT_TermChar             F   (INOUT.C.o)
INOUT_WriteInt             F   (INOUT.C.o)
INOUT_WriteLong            F   (INOUT.C.o)
L_NEGK                     F   (VREGS.C.o)
L_PSHK                     I   (DCONV.C.o)
L_PSHK                     I   (FCONV.C.o)
L_PSHK                     F   (VREGS.C.o)
SL_PULK                    I   (DCONV.C.o)
SL_PULK                    I   (FCONV.C.o)
SL_PULK                    F   (VREGS.C.o)
TERMIO_GetChar             I   (EMBEDDED.C.o)
TERMIO_GetChar             I   (TERMINAL.C.o)
TERMIO_Init                I   (EMBEDDED.C.o)
TERMIO_PutChar             I   (EMBEDDED.C.o)
TERMIO_PutChar             I   (TERMINAL.C.o)
TERM_Direct                I   (EMBEDDED.C.o)
TERM_Direct                F   (TERMINAL.C.o)
TERM_Read                  I   (EMBEDDED.C.o)
TERM_Read                  I   (INOUT.C.o)
TERM_Read                  F   (TERMINAL.C.o)
TERM_ReadString            I   (EMBEDDED.C.o)
TERM_ReadString            F   (TERMINAL.C.o)
TERM_Write                 I   (EMBEDDED.C.o)
TERM_Write                 I   (INOUT.C.o)
TERM_Write                 F   (TERMINAL.C.o)
TERM_WriteLn               F   (TERMINAL.C.o)
TERM_WriteString           I   (EMBEDDED.C.o)
TERM_WriteString           F   (TERMINAL.C.o)
UL_PULK                    I   (DCONV.C.o)
UL_PULK                    I   (FCONV.C.o)
UL_PULK                    F   (VREGS.C.o)
_BDIVMODS                  F   (rtshc12.c.o)
_BDIVMODU                  F   (rtshc12.c.o)
_BSHL                      F   (rtshc12.c.o)
_BSHRS                     F   (rtshc12.c.o)
_BSHRU                     F   (rtshc12.c.o)
_CASE_CHECKED              I   (MATH.C.o)
_CASE_CHECKED              I   (MATHF.C.o)
_CASE_CHECKED              I   (SCANF.C.o)
_CASE_CHECKED              I   (STDLIB.C.o)
_CASE_CHECKED              F   (rtshc12.c.o)
_CASE_CHECKED_BYTE         I   (MATH.C.o)
_CASE_CHECKED_BYTE         I   (MATHF.C.o)
_CASE_CHECKED_BYTE         I   (SCANF.C.o)
_CASE_CHECKED_BYTE         I   (STDLIB.C.o)
_CASE_CHECKED_BYTE         F   (rtshc12.c.o)
_CASE_DIRECT               F   (rtshc12.c.o)
_CASE_DIRECT_BYTE          I   (PRINTF.C.o)
_CASE_DIRECT_BYTE          F   (rtshc12.c.o)
_CASE_SEARCH               F   (rtshc12.c.o)
_CASE_SEARCH_8             I   (PRINTF.C.o)
_CASE_SEARCH_8             I   (SCANF.C.o)
_CASE_SEARCH_8             F   (rtshc12.c.o)
_CASE_SEARCH_8_BYTE        I   (PRINTF.C.o)
_CASE_SEARCH_8_BYTE        F   (rtshc12.c.o)
_CASE_SEARCH_BYTE          F   (rtshc12.c.o)
_COPY                      I   (FANSI.C.o)
_COPY                      I   (MATH.C.o)
_COPY                      I   (PRINTF.C.o)
_COPY                      I   (SCANF.C.o)
_COPY                      I   (STDLIB.C.o)
_COPY                      F   (rtshc12.c.o)
_DABS                      F   (DADD.C.o)
_DADD                      F   (DADD.C.o)
_DADD                      I   (MATH.C.o)
_DADD                      I   (PRINTF.C.o)
_DADD                      I   (STDLIB.C.o)
_DCMP                      F   (DCMP.C.o)
_DCMP                      I   (MATH.C.o)
_DCMP                      I   (MATHF.C.o)
_DCMP                      I   (PRINTF.C.o)
_DCMP                      I   (STDLIB.C.o)
_DDEC                      F   (DADD.C.o)
_DDEC                      I   (MATH.C.o)
_DDIV                      F   (DMUL.C.o)
_DDIV                      I   (MATH.C.o)
_DDIV                      I   (STDLIB.C.o)
_DINC                      F   (DADD.C.o)
_DINC                      I   (MATH.C.o)
_DLONG                     F   (DFCONV.C.o)
_DLONG                     I   (MATHF.C.o)
_DMUL                      F   (DMUL.C.o)
_DMUL                      I   (MATH.C.o)
_DMUL                      I   (PRINTF.C.o)
_DMUL                      I   (STDLIB.C.o)
_DNEG                      F   (DADD.C.o)
_DNEG                      I   (MATH.C.o)
_DNEG                      I   (PRINTF.C.o)
_DNEG                      I   (STDLIB.C.o)
_DSFLOAT                   F   (DCONV.C.o)
_DSFLOAT                   I   (MATH.C.o)
_DSFLOAT                   I   (STDLIB.C.o)
_DSHORT                    F   (DFCONV.C.o)
_DSHORT                    I   (FANSI.C.o)
_DSHORT                    I   (SCANF.C.o)
_DSTRUNC                   F   (DCONV.C.o)
_DSTRUNC                   I   (MATH.C.o)
_DSUB                      F   (DADD.C.o)
_DSUB                      I   (MATH.C.o)
_DSUB                      I   (PRINTF.C.o)
_DSUB                      I   (STDLIB.C.o)
_DUFLOAT                   F   (DCONV.C.o)
_DUFLOAT                   I   (PRINTF.C.o)
_DUTRUNC                   F   (DCONV.C.o)
_DUTRUNC                   I   (MATH.C.o)
_DUTRUNC                   I   (PRINTF.C.o)
_FABS                      F   (FADD.C.o)
_FADD                      F   (FADD.C.o)
_FADD                      I   (MATHF.C.o)
_FCALL                     F   (rtshc12.c.o)
_FCMP                      F   (FCMP.C.o)
_FCMP                      I   (MATHF.C.o)
_FDEC                      F   (FADD.C.o)
_FDIV                      F   (FMUL.C.o)
_FDIV                      I   (MATHF.C.o)
_FINC                      F   (FADD.C.o)
_FMUL                      F   (FMUL.C.o)
_FMUL                      I   (MATHF.C.o)
_FNEG                      F   (FADD.C.o)
_FNEG                      I   (MATHF.C.o)
_FPCMP                     F   (rtshc12.c.o)
_FSFLOAT                   F   (FCONV.C.o)
_FSFLOAT                   I   (MATHF.C.o)
_FSTRUNC                   F   (FCONV.C.o)
_FSTRUNC                   I   (MATHF.C.o)
_FSUB                      F   (FADD.C.o)
_FSUB                      I   (MATHF.C.o)
_FUFLOAT                   F   (FCONV.C.o)
_FUTRUNC                   F   (FCONV.C.o)
_ILSEXT                    I   (MATH.C.o)
_ILSEXT                    I   (MATHF.C.o)
_ILSEXT                    I   (PRINTF.C.o)
_ILSEXT                    I   (SCANF.C.o)
_ILSEXT                    I   (STDLIB.C.o)
_ILSEXT                    F   (rtshc12.c.o)
_ISHL                      F   (rtshc12.c.o)
_ISHRS                     F   (rtshc12.c.o)
_ISHRU                     F   (rtshc12.c.o)
_LADD                      F   (rtshc12.c.o)
_LAND                      F   (rtshc12.c.o)
_LCMP                      I   (MATH.C.o)
_LCMP                      I   (MATHF.C.o)
_LCMP                      F   (rtshc12.c.o)
_LCMP_P                    I   (PRINTF.C.o)
_LCMP_P                    I   (STDLIB.C.o)
_LCMP_P                    F   (rtshc12.c.o)
_LCMP_PP                   F   (rtshc12.c.o)
_LCOM                      F   (rtshc12.c.o)
_LDEC                      F   (rtshc12.c.o)
_LDIVS                     I   (INOUT.C.o)
_LDIVS                     I   (STDLIB.C.o)
_LDIVS                     F   (rtshc12.c.o)
_LDIVU                     I   (PRINTF.C.o)
_LDIVU                     I   (STDLIB.C.o)
_LDIVU                     F   (rtshc12.c.o)
_LINC                      I   (MATHF.C.o)
_LINC                      F   (rtshc12.c.o)
_LMODS                     I   (INOUT.C.o)
_LMODS                     I   (STDLIB.C.o)
_LMODS                     F   (rtshc12.c.o)
_LMODU                     I   (PRINTF.C.o)
_LMODU                     F   (rtshc12.c.o)
_LMUL                      F   (rtshc12.c.o)
_LMULS16x32                I   (STDLIB.C.o)
_LMULS16x32                F   (rtshc12.c.o)
_LMULU16x32                F   (rtshc12.c.o)
_LNEG                      I   (INOUT.C.o)
_LNEG                      I   (MATHF.C.o)
_LNEG                      I   (PRINTF.C.o)
_LNEG                      I   (STDLIB.C.o)
_LNEG                      F   (rtshc12.c.o)
_LOR                       F   (rtshc12.c.o)
_LSHL                      F   (rtshc12.c.o)
_LSHRS                     I   (MATHF.C.o)
_LSHRS                     F   (rtshc12.c.o)
_LSHRU                     F   (rtshc12.c.o)
_LSUB                      F   (rtshc12.c.o)
_LXOR                      F   (rtshc12.c.o)
_NEG_P                     I   (VREGS.C.o)
_NEG_P                     F   (rtshc12.c.o)
_PowOfTwo_16               O   (rtshc12.c.o)
_PowOfTwo_32               O   (rtshc12.c.o)
_PowOfTwo_8                O   (rtshc12.c.o)
_assert                    F   (ASSERT.C.o)
_ctype                     O   (CTYPE.C.o)
_dft_sig_handler           F   (SIGNAL.C.o)
_heap_                     I   (ALLOC.C.o)
_heap_                     O   (HEAP.C.o)
_heapcrash_                I   (ALLOC.C.o)
_heapcrash_                F   (HEAP.C.o)
_itoa                      F   (STDLIB.C.o)
_lDivMod                   F   (rtshc12.c.o)
_memcpy_8bitCount          F   (STRING.C.o)
_memset_clear_8bitCount    F   (STRING.C.o)
_setjmp                    F   (SETJMP.C.o)
_strtod                    I   (SCANF.C.o)
_strtod                    F   (STDLIB.C.o)
_strtol                    I   (SCANF.C.o)
_strtol                    F   (STDLIB.C.o)
_strtoul                   F   (STDLIB.C.o)
abort                      I   (ASSERT.C.o)
abort                      F   (EMBEDDED.C.o)
abs                        F   (STDLIB.C.o)
acos                       F   (MATH.C.o)
acosf                      F   (MATHF.C.o)
asin                       F   (MATH.C.o)
asinf                      F   (MATHF.C.o)
atan                       F   (MATH.C.o)
atan2                      F   (MATH.C.o)
atan2f                     F   (MATHF.C.o)
atanf                      F   (MATHF.C.o)
atexit                     F   (STDLIB.C.o)
bsearch                    F   (STDLIB.C.o)
calloc                     F   (ALLOC.C.o)
ceil                       F   (MATH.C.o)
ceilf                      F   (MATHF.C.o)
channels                   O   (STDLIB.C.o)
clock                      F   (EMBEDDED.C.o)
cos                        F   (MATH.C.o)
cosf                       F   (MATHF.C.o)
cosh                       F   (MATH.C.o)
coshf                      F   (MATHF.C.o)
div                        F   (STDLIB.C.o)
errno                      I   (DANSI.C.o)
errno                      I   (FANSI.C.o)
errno                      I   (MATH.C.o)
errno                      I   (MATHF.C.o)
errno                      I   (SIGNAL.C.o)
errno                      I   (STDLIB.C.o)
errno                      O   (rtshc12.c.o)
exit                       F   (EMBEDDED.C.o)
exp                        F   (MATH.C.o)
exp_r                      F   (MATH.C.o)
expf                       F   (MATHF.C.o)
expf_r                     F   (MATHF.C.o)
fabs                       F   (MATH.C.o)
fabsf                      F   (MATHF.C.o)
fclose                     F   (EMBEDDED.C.o)
fflush                     F   (EMBEDDED.C.o)
fgetc                      F   (EMBEDDED.C.o)
floor                      F   (MATH.C.o)
floorf                     F   (MATHF.C.o)
fmod                       F   (MATH.C.o)
fmodf                      F   (MATHF.C.o)
fopen                      F   (EMBEDDED.C.o)
fprintf                    F   (EMBEDDED.C.o)
fputc                      F   (EMBEDDED.C.o)
fputs                      F   (EMBEDDED.C.o)
free                       F   (ALLOC.C.o)
frexp                      F   (DANSI.C.o)
frexp                      I   (MATH.C.o)
frexp                      I   (PRINTF.C.o)
frexpf                     F   (FANSI.C.o)
frexpf                     I   (MATHF.C.o)
getenv                     F   (STDLIB.C.o)
gets                       F   (EMBEDDED.C.o)
infinity                   I   (DANSI.C.o)
infinity                   I   (FANSI.C.o)
infinity                   O   (MATH.C.o)
infinity                   I   (STDLIB.C.o)
infinityf                  O   (MATHF.C.o)
isalnum                    F   (CTYPE.C.o)
isalpha                    F   (CTYPE.C.o)
iscntrl                    F   (CTYPE.C.o)
isdigit                    F   (CTYPE.C.o)
isdigit                    I   (STDLIB.C.o)
isgraph                    F   (CTYPE.C.o)
islower                    F   (CTYPE.C.o)
isprint                    F   (CTYPE.C.o)
ispunct                    F   (CTYPE.C.o)
isspace                    F   (CTYPE.C.o)
isspace                    I   (SCANF.C.o)
isspace                    I   (STDLIB.C.o)
isupper                    F   (CTYPE.C.o)
isxdigit                   F   (CTYPE.C.o)
labs                       F   (STDLIB.C.o)
ldexp                      F   (DANSI.C.o)
ldexp                      I   (MATH.C.o)
ldexpf                     F   (FANSI.C.o)
ldexpf                     I   (MATHF.C.o)
ldiv                       F   (STDLIB.C.o)
localeconv                 F   (LOCALE.C.o)
log                        F   (MATH.C.o)
log10                      F   (MATH.C.o)
log10f                     F   (MATHF.C.o)
log_r                      F   (MATH.C.o)
logf                       F   (MATHF.C.o)
logf_r                     F   (MATHF.C.o)
longjmp                    F   (SETJMP.C.o)
malloc                     F   (ALLOC.C.o)
mblen                      F   (STDLIB.C.o)
mbstowcs                   F   (STDLIB.C.o)
mbtowc                     F   (STDLIB.C.o)
memchr                     F   (STRING.C.o)
memcmp                     F   (STRING.C.o)
memcpy                     I   (ALLOC.C.o)
memcpy                     F   (STRING.C.o)
memcpy2                    F   (STRING.C.o)
memmove                    F   (STRING.C.o)
memset                     I   (ALLOC.C.o)
memset                     F   (STRING.C.o)
modf                       F   (DANSI.C.o)
modf                       I   (MATH.C.o)
modff                      F   (FANSI.C.o)
modff                      I   (MATHF.C.o)
nan_unionf                 O   (MATHF.C.o)
pow                        F   (MATH.C.o)
pow_i                      F   (MATH.C.o)
powf                       F   (MATHF.C.o)
powf_i                     F   (MATHF.C.o)
printf                     F   (EMBEDDED.C.o)
puts                       F   (EMBEDDED.C.o)
qsort                      F   (STDLIB.C.o)
raise                      F   (SIGNAL.C.o)
rand                       F   (STDLIB.C.o)
realloc                    F   (ALLOC.C.o)
remove                     F   (EMBEDDED.C.o)
scanf                      F   (EMBEDDED.C.o)
set_printf                 I   (EMBEDDED.C.o)
set_printf                 F   (PRINTF.C.o)
setlocale                  F   (LOCALE.C.o)
signal                     F   (SIGNAL.C.o)
sin                        F   (MATH.C.o)
sincos                     F   (MATH.C.o)
sincosf                    F   (MATHF.C.o)
sinf                       F   (MATHF.C.o)
sinh                       F   (MATH.C.o)
sinhf                      F   (MATHF.C.o)
sncsh                      F   (MATH.C.o)
sncshf                     F   (MATHF.C.o)
snprintf                   F   (PRINTF.C.o)
sprintf                    F   (PRINTF.C.o)
sqrt                       F   (MATH.C.o)
sqrt_r                     F   (MATH.C.o)
sqrtf                      F   (MATHF.C.o)
sqrtf_r                    F   (MATHF.C.o)
srand                      F   (STDLIB.C.o)
sscanf                     F   (SCANF.C.o)
strcat                     F   (STRING.C.o)
strchr                     F   (STRING.C.o)
strcmp                     F   (STRING.C.o)
strcoll                    F   (STRING.C.o)
strcpy                     F   (STRING.C.o)
strcspn                    F   (STRING.C.o)
strerror                   F   (STRING.C.o)
strlen                     F   (STRING.C.o)
strncat                    F   (STRING.C.o)
strncmp                    F   (STRING.C.o)
strncpy                    F   (STRING.C.o)
strpbrk                    F   (STRING.C.o)
strrchr                    F   (STRING.C.o)
strset                     F   (STRING.C.o)
strspn                     F   (STRING.C.o)
strstr                     F   (STRING.C.o)
strtod                     F   (STDLIB.C.o)
strtok                     F   (STRING.C.o)
strtol                     F   (STDLIB.C.o)
strtoul                    F   (STDLIB.C.o)
strxfrm                    F   (STRING.C.o)
system                     F   (STDLIB.C.o)
tan                        F   (MATH.C.o)
tanf                       F   (MATHF.C.o)
tanh                       F   (MATH.C.o)
tanhf                      F   (MATHF.C.o)
tolower                    F   (CTYPE.C.o)
toupper                    F   (CTYPE.C.o)
toupper                    I   (STDLIB.C.o)
vprintf                    I   (EMBEDDED.C.o)
vprintf                    F   (PRINTF.C.o)
vsnprintf                  F   (PRINTF.C.o)
vsprintf                   F   (PRINTF.C.o)
vsscanf                    I   (EMBEDDED.C.o)
vsscanf                    F   (SCANF.C.o)
wcstombs                   F   (STDLIB.C.o)
wctomb                     F   (STDLIB.C.o)
